# JRE version: OpenJDK Runtime Environment Temurin-21.0.5+11 (21.0.5+11) (build 21.0.5+11-LTS)
# Java VM: OpenJDK 64-Bit Server VM Temurin-21.0.5+11 (21.0.5+11-LTS, mixed mode, sharing, tiered, compressed oops, compressed class ptrs, parallel gc, windows-amd64)
GC Precious Log:
 CardTable entry size: 512
 CPUs: 8 total, 8 available
 Memory: 7973M
 Large Page Support: Disabled
 NUMA Support: Disabled
 Compressed Oops: Enabled (32-bit)
 Alignments: Space 512K, Generation 512K, Heap 2M
 Heap Min Capacity: 100M
 Heap Initial Capacity: 100M
 Heap Max Capacity: 1G
 Pre-touch: Disabled
 Parallel Workers: 8
Heap:
 PSYoungGen      total 52224K, used 23365K [0x00000000eab00000, 0x00000000ee680000, 0x0000000100000000)
  eden space 49152K, 44% used [0x00000000eab00000,0x00000000ec08bb08,0x00000000edb00000)
  from space 3072K, 42% used [0x00000000ee080000,0x00000000ee1c5a10,0x00000000ee380000)
  to   space 2048K, 0% used [0x00000000ee480000,0x00000000ee480000,0x00000000ee680000)
 ParOldGen       total 453632K, used 453339K [0x00000000c0000000, 0x00000000dbb00000, 0x00000000eab00000)
  object space 453632K, 99% used [0x00000000c0000000,0x00000000dbab6e10,0x00000000dbb00000)
 Metaspace       used 65052K, committed 66560K, reserved 1114112K
  class space    used 6701K, committed 7360K, reserved 1048576K
GC Heap History (20 events):
Event: 56.417 GC heap before
{Heap before GC invocations=433 (full 3):
 PSYoungGen      total 53760K, used 52242K [0x00000000eab00000, 0x00000000eea00000, 0x0000000100000000)
  eden space 51200K, 100% used [0x00000000eab00000,0x00000000edd00000,0x00000000edd00000)
  from space 2560K, 40% used [0x00000000edd00000,0x00000000ede04800,0x00000000edf80000)
  to   space 1536K, 0% used [0x00000000ee880000,0x00000000ee880000,0x00000000eea00000)
 ParOldGen       total 439296K, used 439064K [0x00000000c0000000, 0x00000000dad00000, 0x00000000eab00000)
  object space 439296K, 99% used [0x00000000c0000000,0x00000000dacc6218,0x00000000dad00000)
 Metaspace       used 62835K, committed 64384K, reserved 1114112K
  class space    used 6442K, committed 7104K, reserved 1048576K
}
Event: 56.439 GC heap after
{Heap after GC invocations=433 (full 3):
 PSYoungGen      total 62976K, used 1267K [0x00000000eab00000, 0x00000000eea00000, 0x0000000100000000)
  eden space 61440K, 0% used [0x00000000eab00000,0x00000000eab00000,0x00000000ee700000)
  from space 1536K, 82% used [0x00000000ee880000,0x00000000ee9bcfd0,0x00000000eea00000)
  to   space 1536K, 0% used [0x00000000ee700000,0x00000000ee700000,0x00000000ee880000)
 ParOldGen       total 440832K, used 440590K [0x00000000c0000000, 0x00000000dae80000, 0x00000000eab00000)
  object space 440832K, 99% used [0x00000000c0000000,0x00000000dae43a10,0x00000000dae80000)
 Metaspace       used 62835K, committed 64384K, reserved 1114112K
  class space    used 6442K, committed 7104K, reserved 1048576K
}
Event: 56.648 GC heap before
{Heap before GC invocations=434 (full 3):
 PSYoungGen      total 62976K, used 62707K [0x00000000eab00000, 0x00000000eea00000, 0x0000000100000000)
  eden space 61440K, 100% used [0x00000000eab00000,0x00000000ee700000,0x00000000ee700000)
  from space 1536K, 82% used [0x00000000ee880000,0x00000000ee9bcfd0,0x00000000eea00000)
  to   space 1536K, 0% used [0x00000000ee700000,0x00000000ee700000,0x00000000ee880000)
 ParOldGen       total 440832K, used 440590K [0x00000000c0000000, 0x00000000dae80000, 0x00000000eab00000)
  object space 440832K, 99% used [0x00000000c0000000,0x00000000dae43a40,0x00000000dae80000)
 Metaspace       used 62842K, committed 64384K, reserved 1114112K
  class space    used 6442K, committed 7104K, reserved 1048576K
}
Event: 56.661 GC heap after
{Heap after GC invocations=434 (full 3):
 PSYoungGen      total 62976K, used 1280K [0x00000000eab00000, 0x00000000eea00000, 0x0000000100000000)
  eden space 61440K, 0% used [0x00000000eab00000,0x00000000eab00000,0x00000000ee700000)
  from space 1536K, 83% used [0x00000000ee700000,0x00000000ee840000,0x00000000ee880000)
  to   space 1536K, 0% used [0x00000000ee880000,0x00000000ee880000,0x00000000eea00000)
 ParOldGen       total 441856K, used 441606K [0x00000000c0000000, 0x00000000daf80000, 0x00000000eab00000)
  object space 441856K, 99% used [0x00000000c0000000,0x00000000daf41a08,0x00000000daf80000)
 Metaspace       used 62842K, committed 64384K, reserved 1114112K
  class space    used 6442K, committed 7104K, reserved 1048576K
}
Event: 56.745 GC heap before
{Heap before GC invocations=435 (full 3):
 PSYoungGen      total 62976K, used 62720K [0x00000000eab00000, 0x00000000eea00000, 0x0000000100000000)
  eden space 61440K, 100% used [0x00000000eab00000,0x00000000ee700000,0x00000000ee700000)
  from space 1536K, 83% used [0x00000000ee700000,0x00000000ee840000,0x00000000ee880000)
  to   space 1536K, 0% used [0x00000000ee880000,0x00000000ee880000,0x00000000eea00000)
 ParOldGen       total 441856K, used 441609K [0x00000000c0000000, 0x00000000daf80000, 0x00000000eab00000)
  object space 441856K, 99% used [0x00000000c0000000,0x00000000daf42428,0x00000000daf80000)
 Metaspace       used 62844K, committed 64384K, reserved 1114112K
  class space    used 6442K, committed 7104K, reserved 1048576K
}
Event: 56.756 GC heap after
{Heap after GC invocations=435 (full 3):
 PSYoungGen      total 60416K, used 1517K [0x00000000eab00000, 0x00000000eed00000, 0x0000000100000000)
  eden space 58880K, 0% used [0x00000000eab00000,0x00000000eab00000,0x00000000ee480000)
  from space 1536K, 98% used [0x00000000ee880000,0x00000000ee9fb518,0x00000000eea00000)
  to   space 4096K, 0% used [0x00000000ee480000,0x00000000ee480000,0x00000000ee880000)
 ParOldGen       total 443904K, used 443449K [0x00000000c0000000, 0x00000000db180000, 0x00000000eab00000)
  object space 443904K, 99% used [0x00000000c0000000,0x00000000db10e428,0x00000000db180000)
 Metaspace       used 62844K, committed 64384K, reserved 1114112K
  class space    used 6442K, committed 7104K, reserved 1048576K
}
Event: 56.816 GC heap before
{Heap before GC invocations=436 (full 3):
 PSYoungGen      total 60416K, used 60397K [0x00000000eab00000, 0x00000000eed00000, 0x0000000100000000)
  eden space 58880K, 100% used [0x00000000eab00000,0x00000000ee480000,0x00000000ee480000)
  from space 1536K, 98% used [0x00000000ee880000,0x00000000ee9fb518,0x00000000eea00000)
  to   space 4096K, 0% used [0x00000000ee480000,0x00000000ee480000,0x00000000ee880000)
 ParOldGen       total 443904K, used 443449K [0x00000000c0000000, 0x00000000db180000, 0x00000000eab00000)
  object space 443904K, 99% used [0x00000000c0000000,0x00000000db10e428,0x00000000db180000)
 Metaspace       used 62844K, committed 64384K, reserved 1114112K
  class space    used 6442K, committed 7104K, reserved 1048576K
}
Event: 56.823 GC heap after
{Heap after GC invocations=436 (full 3):
 PSYoungGen      total 58368K, used 1504K [0x00000000eab00000, 0x00000000ee900000, 0x0000000100000000)
  eden space 56832K, 0% used [0x00000000eab00000,0x00000000eab00000,0x00000000ee280000)
  from space 1536K, 97% used [0x00000000ee480000,0x00000000ee5f8000,0x00000000ee600000)
  to   space 2560K, 0% used [0x00000000ee680000,0x00000000ee680000,0x00000000ee900000)
 ParOldGen       total 444928K, used 444689K [0x00000000c0000000, 0x00000000db280000, 0x00000000eab00000)
  object space 444928K, 99% used [0x00000000c0000000,0x00000000db244428,0x00000000db280000)
 Metaspace       used 62844K, committed 64384K, reserved 1114112K
  class space    used 6442K, committed 7104K, reserved 1048576K
}
Event: 57.053 GC heap before
{Heap before GC invocations=437 (full 3):
 PSYoungGen      total 58368K, used 58336K [0x00000000eab00000, 0x00000000ee900000, 0x0000000100000000)
  eden space 56832K, 100% used [0x00000000eab00000,0x00000000ee280000,0x00000000ee280000)
  from space 1536K, 97% used [0x00000000ee480000,0x00000000ee5f8000,0x00000000ee600000)
  to   space 2560K, 0% used [0x00000000ee680000,0x00000000ee680000,0x00000000ee900000)
 ParOldGen       total 449024K, used 448903K [0x00000000c0000000, 0x00000000db680000, 0x00000000eab00000)
  object space 449024K, 99% used [0x00000000c0000000,0x00000000db661e88,0x00000000db680000)
 Metaspace       used 62847K, committed 64384K, reserved 1114112K
  class space    used 6442K, committed 7104K, reserved 1048576K
}
Event: 57.062 GC heap after
{Heap after GC invocations=437 (full 3):
 PSYoungGen      total 57856K, used 576K [0x00000000eab00000, 0x00000000ee780000, 0x0000000100000000)
  eden space 56832K, 0% used [0x00000000eab00000,0x00000000eab00000,0x00000000ee280000)
  from space 1024K, 56% used [0x00000000ee680000,0x00000000ee710000,0x00000000ee780000)
  to   space 1536K, 0% used [0x00000000ee480000,0x00000000ee480000,0x00000000ee600000)
 ParOldGen       total 449536K, used 449455K [0x00000000c0000000, 0x00000000db700000, 0x00000000eab00000)
  object space 449536K, 99% used [0x00000000c0000000,0x00000000db6ebe98,0x00000000db700000)
 Metaspace       used 62847K, committed 64384K, reserved 1114112K
  class space    used 6442K, committed 7104K, reserved 1048576K
}
Event: 57.176 GC heap before
{Heap before GC invocations=438 (full 3):
 PSYoungGen      total 57856K, used 57408K [0x00000000eab00000, 0x00000000ee780000, 0x0000000100000000)
  eden space 56832K, 100% used [0x00000000eab00000,0x00000000ee280000,0x00000000ee280000)
  from space 1024K, 56% used [0x00000000ee680000,0x00000000ee710000,0x00000000ee780000)
  to   space 1536K, 0% used [0x00000000ee480000,0x00000000ee480000,0x00000000ee600000)
 ParOldGen       total 449536K, used 449457K [0x00000000c0000000, 0x00000000db700000, 0x00000000eab00000)
  object space 449536K, 99% used [0x00000000c0000000,0x00000000db6ec600,0x00000000db700000)
 Metaspace       used 62854K, committed 64384K, reserved 1114112K
  class space    used 6442K, committed 7104K, reserved 1048576K
}
Event: 57.190 GC heap after
{Heap after GC invocations=438 (full 3):
 PSYoungGen      total 56832K, used 576K [0x00000000eab00000, 0x00000000ee700000, 0x0000000100000000)
  eden space 55296K, 0% used [0x00000000eab00000,0x00000000eab00000,0x00000000ee100000)
  from space 1536K, 37% used [0x00000000ee480000,0x00000000ee510000,0x00000000ee600000)
  to   space 1024K, 0% used [0x00000000ee600000,0x00000000ee600000,0x00000000ee700000)
 ParOldGen       total 450048K, used 449825K [0x00000000c0000000, 0x00000000db780000, 0x00000000eab00000)
  object space 450048K, 99% used [0x00000000c0000000,0x00000000db748600,0x00000000db780000)
 Metaspace       used 62854K, committed 64384K, reserved 1114112K
  class space    used 6442K, committed 7104K, reserved 1048576K
}
Event: 57.321 GC heap before
{Heap before GC invocations=439 (full 3):
 PSYoungGen      total 56832K, used 55872K [0x00000000eab00000, 0x00000000ee700000, 0x0000000100000000)
  eden space 55296K, 100% used [0x00000000eab00000,0x00000000ee100000,0x00000000ee100000)
  from space 1536K, 37% used [0x00000000ee480000,0x00000000ee510000,0x00000000ee600000)
  to   space 1024K, 0% used [0x00000000ee600000,0x00000000ee600000,0x00000000ee700000)
 ParOldGen       total 450048K, used 449825K [0x00000000c0000000, 0x00000000db780000, 0x00000000eab00000)
  object space 450048K, 99% used [0x00000000c0000000,0x00000000db748600,0x00000000db780000)
 Metaspace       used 62856K, committed 64384K, reserved 1114112K
  class space    used 6442K, committed 7104K, reserved 1048576K
}
Event: 57.344 GC heap after
{Heap after GC invocations=439 (full 3):
 PSYoungGen      total 54784K, used 832K [0x00000000eab00000, 0x00000000ee700000, 0x0000000100000000)
  eden space 53760K, 0% used [0x00000000eab00000,0x00000000eab00000,0x00000000edf80000)
  from space 1024K, 81% used [0x00000000ee600000,0x00000000ee6d0000,0x00000000ee700000)
  to   space 1024K, 0% used [0x00000000ee500000,0x00000000ee500000,0x00000000ee600000)
 ParOldGen       total 450560K, used 450201K [0x00000000c0000000, 0x00000000db800000, 0x00000000eab00000)
  object space 450560K, 99% used [0x00000000c0000000,0x00000000db7a6600,0x00000000db800000)
 Metaspace       used 62856K, committed 64384K, reserved 1114112K
  class space    used 6442K, committed 7104K, reserved 1048576K
}
Event: 57.477 GC heap before
{Heap before GC invocations=440 (full 3):
 PSYoungGen      total 54784K, used 54592K [0x00000000eab00000, 0x00000000ee700000, 0x0000000100000000)
  eden space 53760K, 100% used [0x00000000eab00000,0x00000000edf80000,0x00000000edf80000)
  from space 1024K, 81% used [0x00000000ee600000,0x00000000ee6d0000,0x00000000ee700000)
  to   space 1024K, 0% used [0x00000000ee500000,0x00000000ee500000,0x00000000ee600000)
 ParOldGen       total 450560K, used 450201K [0x00000000c0000000, 0x00000000db800000, 0x00000000eab00000)
  object space 450560K, 99% used [0x00000000c0000000,0x00000000db7a6600,0x00000000db800000)
 Metaspace       used 62873K, committed 64384K, reserved 1114112K
  class space    used 6442K, committed 7104K, reserved 1048576K
}
Event: 57.488 GC heap after
{Heap after GC invocations=440 (full 3):
 PSYoungGen      total 53248K, used 994K [0x00000000eab00000, 0x00000000ee680000, 0x0000000100000000)
  eden space 52224K, 0% used [0x00000000eab00000,0x00000000eab00000,0x00000000ede00000)
  from space 1024K, 97% used [0x00000000ee500000,0x00000000ee5f8800,0x00000000ee600000)
  to   space 512K, 0% used [0x00000000ee600000,0x00000000ee600000,0x00000000ee680000)
 ParOldGen       total 451072K, used 450897K [0x00000000c0000000, 0x00000000db880000, 0x00000000eab00000)
  object space 451072K, 99% used [0x00000000c0000000,0x00000000db854600,0x00000000db880000)
 Metaspace       used 62873K, committed 64384K, reserved 1114112K
  class space    used 6442K, committed 7104K, reserved 1048576K
}
Event: 57.647 GC heap before
{Heap before GC invocations=441 (full 3):
 PSYoungGen      total 53248K, used 53218K [0x00000000eab00000, 0x00000000ee680000, 0x0000000100000000)
  eden space 52224K, 100% used [0x00000000eab00000,0x00000000ede00000,0x00000000ede00000)
  from space 1024K, 97% used [0x00000000ee500000,0x00000000ee5f8800,0x00000000ee600000)
  to   space 512K, 0% used [0x00000000ee600000,0x00000000ee600000,0x00000000ee680000)
 ParOldGen       total 451072K, used 450897K [0x00000000c0000000, 0x00000000db880000, 0x00000000eab00000)
  object space 451072K, 99% used [0x00000000c0000000,0x00000000db854600,0x00000000db880000)
 Metaspace       used 62897K, committed 64448K, reserved 1114112K
  class space    used 6445K, committed 7104K, reserved 1048576K
}
Event: 57.664 GC heap after
{Heap after GC invocations=441 (full 3):
 PSYoungGen      total 51200K, used 496K [0x00000000eab00000, 0x00000000ee680000, 0x0000000100000000)
  eden space 50688K, 0% used [0x00000000eab00000,0x00000000eab00000,0x00000000edc80000)
  from space 512K, 96% used [0x00000000ee600000,0x00000000ee67c010,0x00000000ee680000)
  to   space 3072K, 0% used [0x00000000ee080000,0x00000000ee080000,0x00000000ee380000)
 ParOldGen       total 453120K, used 452851K [0x00000000c0000000, 0x00000000dba80000, 0x00000000eab00000)
  object space 453120K, 99% used [0x00000000c0000000,0x00000000dba3ce00,0x00000000dba80000)
 Metaspace       used 62897K, committed 64448K, reserved 1114112K
  class space    used 6445K, committed 7104K, reserved 1048576K
}
Event: 58.203 GC heap before
{Heap before GC invocations=442 (full 3):
 PSYoungGen      total 51200K, used 51184K [0x00000000eab00000, 0x00000000ee680000, 0x0000000100000000)
  eden space 50688K, 100% used [0x00000000eab00000,0x00000000edc80000,0x00000000edc80000)
  from space 512K, 96% used [0x00000000ee600000,0x00000000ee67c010,0x00000000ee680000)
  to   space 3072K, 0% used [0x00000000ee080000,0x00000000ee080000,0x00000000ee380000)
 ParOldGen       total 453120K, used 452851K [0x00000000c0000000, 0x00000000dba80000, 0x00000000eab00000)
  object space 453120K, 99% used [0x00000000c0000000,0x00000000dba3ce00,0x00000000dba80000)
 Metaspace       used 64086K, committed 65600K, reserved 1114112K
  class space    used 6564K, committed 7232K, reserved 1048576K
}
Event: 58.214 GC heap after
{Heap after GC invocations=442 (full 3):
 PSYoungGen      total 52224K, used 1302K [0x00000000eab00000, 0x00000000ee680000, 0x0000000100000000)
  eden space 49152K, 0% used [0x00000000eab00000,0x00000000eab00000,0x00000000edb00000)
  from space 3072K, 42% used [0x00000000ee080000,0x00000000ee1c5a10,0x00000000ee380000)
  to   space 2048K, 0% used [0x00000000ee480000,0x00000000ee480000,0x00000000ee680000)
 ParOldGen       total 453632K, used 453339K [0x00000000c0000000, 0x00000000dbb00000, 0x00000000eab00000)
  object space 453632K, 99% used [0x00000000c0000000,0x00000000dbab6e10,0x00000000dbb00000)
 Metaspace       used 64086K, committed 65600K, reserved 1114112K
  class space    used 6564K, committed 7232K, reserved 1048576K
}

